2024/07/04 09:45:08 [error] [system.db.CDbCommand] CDbCommand::fetchAll() failed: SQLSTATE[42S02]: Base table or view not found: 1146 Table 'blog_db.tbl_migration' doesn't exist. The SQL statement executed was: SHOW FULL COLUMNS FROM `tbl_migration`.
2024/07/04 09:45:11 [error] [system.db.CDbCommand] CDbCommand::execute() failed: SQLSTATE[42000]: Syntax error or access violation: 1064 You have an error in your SQL syntax; check the manual that corresponds to your MariaDB server version for the right syntax to use near '(128) NOT NULL,
	`code` int(11) NOT NULL,
	`type` string(128) NOT NULL,
	`pos...' at line 3. The SQL statement executed was: CREATE TABLE `tbl_lookup` (
	`id` int(11) NOT NULL AUTO_INCREMENT PRIMARY KEY,
	`name` string(128) NOT NULL,
	`code` int(11) NOT NULL,
	`type` string(128) NOT NULL,
	`position` int(11) NOT NULL
).
2024/07/04 09:45:11 [error] [exception.CDbException] CDbException: CDbCommand failed to execute the SQL statement: SQLSTATE[42000]: Syntax error or access violation: 1064 You have an error in your SQL syntax; check the manual that corresponds to your MariaDB server version for the right syntax to use near '(128) NOT NULL,
	`code` int(11) NOT NULL,
	`type` string(128) NOT NULL,
	`pos...' at line 3. The SQL statement executed was: CREATE TABLE `tbl_lookup` (
	`id` int(11) NOT NULL AUTO_INCREMENT PRIMARY KEY,
	`name` string(128) NOT NULL,
	`code` int(11) NOT NULL,
	`type` string(128) NOT NULL,
	`position` int(11) NOT NULL
) in C:\xampp\htdocs\blog\framework\db\CDbCommand.php:358
Stack trace:
#0 C:\xampp\htdocs\blog\framework\db\CDbCommand.php(1352): CDbCommand->execute()
#1 C:\xampp\htdocs\blog\framework\db\CDbMigration.php(250): CDbCommand->createTable('tbl_lookup', Array, NULL)
#2 C:\xampp\htdocs\blog\protected\migrations\m240704_065753_create_tbl_lookup_table.php(7): CDbMigration->createTable('tbl_lookup', Array)
#3 C:\xampp\htdocs\blog\framework\cli\commands\MigrateCommand.php(415): m240704_065753_create_tbl_lookup_table->up()
#4 C:\xampp\htdocs\blog\framework\cli\commands\MigrateCommand.php(109): MigrateCommand->migrateUp('m240704_065753_...')
#5 [internal function]: MigrateCommand->actionUp(Array)
#6 C:\xampp\htdocs\blog\framework\console\CConsoleCommand.php(177): ReflectionMethod->invokeArgs(Object(MigrateCommand), Array)
#7 C:\xampp\htdocs\blog\framework\console\CConsoleCommandRunner.php(71): CConsoleCommand->run(Array)
#8 C:\xampp\htdocs\blog\framework\console\CConsoleApplication.php(92): CConsoleCommandRunner->run(Array)
#9 C:\xampp\htdocs\blog\framework\base\CApplication.php(185): CConsoleApplication->processRequest()
#10 C:\xampp\htdocs\blog\framework\yiic.php(33): CApplication->run()
#11 C:\xampp\htdocs\blog\protected\yiic.php(7): require_once('C:\\xampp\\htdocs...')
#12 C:\xampp\htdocs\blog\protected\yiic(4): require_once('C:\\xampp\\htdocs...')
#13 {main}
---
2024/07/04 09:45:59 [error] [system.db.CDbCommand] CDbCommand::execute() failed: SQLSTATE[42000]: Syntax error or access violation: 1064 You have an error in your SQL syntax; check the manual that corresponds to your MariaDB server version for the right syntax to use near ':128 NOT NULL,
	`code` int(11) NOT NULL,
	`type` string:128 NOT NULL,
	`posit...' at line 3. The SQL statement executed was: CREATE TABLE `tbl_lookup` (
	`id` int(11) NOT NULL AUTO_INCREMENT PRIMARY KEY,
	`name` string:128 NOT NULL,
	`code` int(11) NOT NULL,
	`type` string:128 NOT NULL,
	`position` int(11) NOT NULL
).
2024/07/04 09:45:59 [error] [exception.CDbException] CDbException: CDbCommand failed to execute the SQL statement: SQLSTATE[42000]: Syntax error or access violation: 1064 You have an error in your SQL syntax; check the manual that corresponds to your MariaDB server version for the right syntax to use near ':128 NOT NULL,
	`code` int(11) NOT NULL,
	`type` string:128 NOT NULL,
	`posit...' at line 3. The SQL statement executed was: CREATE TABLE `tbl_lookup` (
	`id` int(11) NOT NULL AUTO_INCREMENT PRIMARY KEY,
	`name` string:128 NOT NULL,
	`code` int(11) NOT NULL,
	`type` string:128 NOT NULL,
	`position` int(11) NOT NULL
) in C:\xampp\htdocs\blog\framework\db\CDbCommand.php:358
Stack trace:
#0 C:\xampp\htdocs\blog\framework\db\CDbCommand.php(1352): CDbCommand->execute()
#1 C:\xampp\htdocs\blog\framework\db\CDbMigration.php(250): CDbCommand->createTable('tbl_lookup', Array, NULL)
#2 C:\xampp\htdocs\blog\protected\migrations\m240704_065753_create_tbl_lookup_table.php(7): CDbMigration->createTable('tbl_lookup', Array)
#3 C:\xampp\htdocs\blog\framework\cli\commands\MigrateCommand.php(415): m240704_065753_create_tbl_lookup_table->up()
#4 C:\xampp\htdocs\blog\framework\cli\commands\MigrateCommand.php(109): MigrateCommand->migrateUp('m240704_065753_...')
#5 [internal function]: MigrateCommand->actionUp(Array)
#6 C:\xampp\htdocs\blog\framework\console\CConsoleCommand.php(177): ReflectionMethod->invokeArgs(Object(MigrateCommand), Array)
#7 C:\xampp\htdocs\blog\framework\console\CConsoleCommandRunner.php(71): CConsoleCommand->run(Array)
#8 C:\xampp\htdocs\blog\framework\console\CConsoleApplication.php(92): CConsoleCommandRunner->run(Array)
#9 C:\xampp\htdocs\blog\framework\base\CApplication.php(185): CConsoleApplication->processRequest()
#10 C:\xampp\htdocs\blog\framework\yiic.php(33): CApplication->run()
#11 C:\xampp\htdocs\blog\protected\yiic.php(7): require_once('C:\\xampp\\htdocs...')
#12 C:\xampp\htdocs\blog\protected\yiic(4): require_once('C:\\xampp\\htdocs...')
#13 {main}
---
2024/07/04 09:48:23 [error] [system.db.CDbCommand] CDbCommand::execute() failed: SQLSTATE[42000]: Syntax error or access violation: 1064 You have an error in your SQL syntax; check the manual that corresponds to your MariaDB server version for the right syntax to use near '128 NOT NULL,
	`code` int(11) NOT NULL,
	`type` varchar(255) 128 NOT NULL,
	`...' at line 3. The SQL statement executed was: CREATE TABLE `tbl_lookup` (
	`id` int(11) NOT NULL AUTO_INCREMENT PRIMARY KEY,
	`name` varchar(255) 128 NOT NULL,
	`code` int(11) NOT NULL,
	`type` varchar(255) 128 NOT NULL,
	`position` int(11) NOT NULL
).
2024/07/04 09:48:23 [error] [exception.CDbException] CDbException: CDbCommand failed to execute the SQL statement: SQLSTATE[42000]: Syntax error or access violation: 1064 You have an error in your SQL syntax; check the manual that corresponds to your MariaDB server version for the right syntax to use near '128 NOT NULL,
	`code` int(11) NOT NULL,
	`type` varchar(255) 128 NOT NULL,
	`...' at line 3. The SQL statement executed was: CREATE TABLE `tbl_lookup` (
	`id` int(11) NOT NULL AUTO_INCREMENT PRIMARY KEY,
	`name` varchar(255) 128 NOT NULL,
	`code` int(11) NOT NULL,
	`type` varchar(255) 128 NOT NULL,
	`position` int(11) NOT NULL
) in C:\xampp\htdocs\blog\framework\db\CDbCommand.php:358
Stack trace:
#0 C:\xampp\htdocs\blog\framework\db\CDbCommand.php(1352): CDbCommand->execute()
#1 C:\xampp\htdocs\blog\framework\db\CDbMigration.php(250): CDbCommand->createTable('tbl_lookup', Array, NULL)
#2 C:\xampp\htdocs\blog\protected\migrations\m240704_065753_create_tbl_lookup_table.php(7): CDbMigration->createTable('tbl_lookup', Array)
#3 C:\xampp\htdocs\blog\framework\cli\commands\MigrateCommand.php(415): m240704_065753_create_tbl_lookup_table->up()
#4 C:\xampp\htdocs\blog\framework\cli\commands\MigrateCommand.php(109): MigrateCommand->migrateUp('m240704_065753_...')
#5 [internal function]: MigrateCommand->actionUp(Array)
#6 C:\xampp\htdocs\blog\framework\console\CConsoleCommand.php(177): ReflectionMethod->invokeArgs(Object(MigrateCommand), Array)
#7 C:\xampp\htdocs\blog\framework\console\CConsoleCommandRunner.php(71): CConsoleCommand->run(Array)
#8 C:\xampp\htdocs\blog\framework\console\CConsoleApplication.php(92): CConsoleCommandRunner->run(Array)
#9 C:\xampp\htdocs\blog\framework\base\CApplication.php(185): CConsoleApplication->processRequest()
#10 C:\xampp\htdocs\blog\framework\yiic.php(33): CApplication->run()
#11 C:\xampp\htdocs\blog\protected\yiic.php(7): require_once('C:\\xampp\\htdocs...')
#12 C:\xampp\htdocs\blog\protected\yiic(4): require_once('C:\\xampp\\htdocs...')
#13 {main}
---
2024/07/04 10:13:56 [error] [system.db.CDbCommand] CDbCommand::execute() failed: SQLSTATE[42S01]: Base table or view already exists: 1050 Table 'tbl_lookup' already exists. The SQL statement executed was: CREATE TABLE `tbl_lookup` (
	`id` int(11) NOT NULL AUTO_INCREMENT PRIMARY KEY,
	`name` varchar(255) NOT NULL,
	`code` int(11) NOT NULL,
	`type` varchar(255) NOT NULL,
	`position` int(11) NOT NULL
).
2024/07/04 10:13:56 [error] [exception.CDbException] CDbException: CDbCommand failed to execute the SQL statement: SQLSTATE[42S01]: Base table or view already exists: 1050 Table 'tbl_lookup' already exists. The SQL statement executed was: CREATE TABLE `tbl_lookup` (
	`id` int(11) NOT NULL AUTO_INCREMENT PRIMARY KEY,
	`name` varchar(255) NOT NULL,
	`code` int(11) NOT NULL,
	`type` varchar(255) NOT NULL,
	`position` int(11) NOT NULL
) in C:\xampp\htdocs\blog\framework\db\CDbCommand.php:358
Stack trace:
#0 C:\xampp\htdocs\blog\framework\db\CDbCommand.php(1352): CDbCommand->execute()
#1 C:\xampp\htdocs\blog\framework\db\CDbMigration.php(250): CDbCommand->createTable('tbl_lookup', Array, NULL)
#2 C:\xampp\htdocs\blog\protected\migrations\m240704_065753_create_tbl_lookup_table.php(7): CDbMigration->createTable('tbl_lookup', Array)
#3 C:\xampp\htdocs\blog\framework\cli\commands\MigrateCommand.php(415): m240704_065753_create_tbl_lookup_table->up()
#4 C:\xampp\htdocs\blog\framework\cli\commands\MigrateCommand.php(109): MigrateCommand->migrateUp('m240704_065753_...')
#5 [internal function]: MigrateCommand->actionUp(Array)
#6 C:\xampp\htdocs\blog\framework\console\CConsoleCommand.php(177): ReflectionMethod->invokeArgs(Object(MigrateCommand), Array)
#7 C:\xampp\htdocs\blog\framework\console\CConsoleCommandRunner.php(71): CConsoleCommand->run(Array)
#8 C:\xampp\htdocs\blog\framework\console\CConsoleApplication.php(92): CConsoleCommandRunner->run(Array)
#9 C:\xampp\htdocs\blog\framework\base\CApplication.php(185): CConsoleApplication->processRequest()
#10 C:\xampp\htdocs\blog\framework\yiic.php(33): CApplication->run()
#11 C:\xampp\htdocs\blog\protected\yiic.php(7): require_once('C:\\xampp\\htdocs...')
#12 C:\xampp\htdocs\blog\protected\yiic(4): require_once('C:\\xampp\\htdocs...')
#13 {main}
---
2024/07/04 10:14:28 [error] [system.db.CDbCommand] CDbCommand::execute() failed: SQLSTATE[42000]: Syntax error or access violation: 1064 You have an error in your SQL syntax; check the manual that corresponds to your MariaDB server version for the right syntax to use near '(128) NOT NULL,
	`password` string(128) NOT NULL,
	`email` string(128) NOT NU...' at line 3. The SQL statement executed was: CREATE TABLE `tbl_user` (
	`id` int(11) NOT NULL AUTO_INCREMENT PRIMARY KEY,
	`username` string(128) NOT NULL,
	`password` string(128) NOT NULL,
	`email` string(128) NOT NULL,
	`profile` text
).
2024/07/04 10:14:28 [error] [exception.CDbException] CDbException: CDbCommand failed to execute the SQL statement: SQLSTATE[42000]: Syntax error or access violation: 1064 You have an error in your SQL syntax; check the manual that corresponds to your MariaDB server version for the right syntax to use near '(128) NOT NULL,
	`password` string(128) NOT NULL,
	`email` string(128) NOT NU...' at line 3. The SQL statement executed was: CREATE TABLE `tbl_user` (
	`id` int(11) NOT NULL AUTO_INCREMENT PRIMARY KEY,
	`username` string(128) NOT NULL,
	`password` string(128) NOT NULL,
	`email` string(128) NOT NULL,
	`profile` text
) in C:\xampp\htdocs\blog\framework\db\CDbCommand.php:358
Stack trace:
#0 C:\xampp\htdocs\blog\framework\db\CDbCommand.php(1352): CDbCommand->execute()
#1 C:\xampp\htdocs\blog\framework\db\CDbMigration.php(250): CDbCommand->createTable('tbl_user', Array, NULL)
#2 C:\xampp\htdocs\blog\protected\migrations\m240704_065819_create_tbl_user_table.php(7): CDbMigration->createTable('tbl_user', Array)
#3 C:\xampp\htdocs\blog\framework\cli\commands\MigrateCommand.php(415): m240704_065819_create_tbl_user_table->up()
#4 C:\xampp\htdocs\blog\framework\cli\commands\MigrateCommand.php(109): MigrateCommand->migrateUp('m240704_065819_...')
#5 [internal function]: MigrateCommand->actionUp(Array)
#6 C:\xampp\htdocs\blog\framework\console\CConsoleCommand.php(177): ReflectionMethod->invokeArgs(Object(MigrateCommand), Array)
#7 C:\xampp\htdocs\blog\framework\console\CConsoleCommandRunner.php(71): CConsoleCommand->run(Array)
#8 C:\xampp\htdocs\blog\framework\console\CConsoleApplication.php(92): CConsoleCommandRunner->run(Array)
#9 C:\xampp\htdocs\blog\framework\base\CApplication.php(185): CConsoleApplication->processRequest()
#10 C:\xampp\htdocs\blog\framework\yiic.php(33): CApplication->run()
#11 C:\xampp\htdocs\blog\protected\yiic.php(7): require_once('C:\\xampp\\htdocs...')
#12 C:\xampp\htdocs\blog\protected\yiic(4): require_once('C:\\xampp\\htdocs...')
#13 {main}
---
2024/07/04 10:14:51 [error] [system.db.CDbCommand] CDbCommand::execute() failed: SQLSTATE[42000]: Syntax error or access violation: 1064 You have an error in your SQL syntax; check the manual that corresponds to your MariaDB server version for the right syntax to use near '(128) NOT NULL,
	`password` varchar(255) (128) NOT NULL,
	`email` varchar(255...' at line 3. The SQL statement executed was: CREATE TABLE `tbl_user` (
	`id` int(11) NOT NULL AUTO_INCREMENT PRIMARY KEY,
	`username` varchar(255) (128) NOT NULL,
	`password` varchar(255) (128) NOT NULL,
	`email` varchar(255) (128) NOT NULL,
	`profile` text
).
2024/07/04 10:14:51 [error] [exception.CDbException] CDbException: CDbCommand failed to execute the SQL statement: SQLSTATE[42000]: Syntax error or access violation: 1064 You have an error in your SQL syntax; check the manual that corresponds to your MariaDB server version for the right syntax to use near '(128) NOT NULL,
	`password` varchar(255) (128) NOT NULL,
	`email` varchar(255...' at line 3. The SQL statement executed was: CREATE TABLE `tbl_user` (
	`id` int(11) NOT NULL AUTO_INCREMENT PRIMARY KEY,
	`username` varchar(255) (128) NOT NULL,
	`password` varchar(255) (128) NOT NULL,
	`email` varchar(255) (128) NOT NULL,
	`profile` text
) in C:\xampp\htdocs\blog\framework\db\CDbCommand.php:358
Stack trace:
#0 C:\xampp\htdocs\blog\framework\db\CDbCommand.php(1352): CDbCommand->execute()
#1 C:\xampp\htdocs\blog\framework\db\CDbMigration.php(250): CDbCommand->createTable('tbl_user', Array, NULL)
#2 C:\xampp\htdocs\blog\protected\migrations\m240704_065819_create_tbl_user_table.php(7): CDbMigration->createTable('tbl_user', Array)
#3 C:\xampp\htdocs\blog\framework\cli\commands\MigrateCommand.php(415): m240704_065819_create_tbl_user_table->up()
#4 C:\xampp\htdocs\blog\framework\cli\commands\MigrateCommand.php(109): MigrateCommand->migrateUp('m240704_065819_...')
#5 [internal function]: MigrateCommand->actionUp(Array)
#6 C:\xampp\htdocs\blog\framework\console\CConsoleCommand.php(177): ReflectionMethod->invokeArgs(Object(MigrateCommand), Array)
#7 C:\xampp\htdocs\blog\framework\console\CConsoleCommandRunner.php(71): CConsoleCommand->run(Array)
#8 C:\xampp\htdocs\blog\framework\console\CConsoleApplication.php(92): CConsoleCommandRunner->run(Array)
#9 C:\xampp\htdocs\blog\framework\base\CApplication.php(185): CConsoleApplication->processRequest()
#10 C:\xampp\htdocs\blog\framework\yiic.php(33): CApplication->run()
#11 C:\xampp\htdocs\blog\protected\yiic.php(7): require_once('C:\\xampp\\htdocs...')
#12 C:\xampp\htdocs\blog\protected\yiic(4): require_once('C:\\xampp\\htdocs...')
#13 {main}
---
2024/07/04 10:47:00 [error] [exception.CException] CException: Alias "application.models.Comment" is invalid. Make sure it points to an existing PHP file and the file is readable. in C:\xampp\htdocs\blog\framework\YiiBase.php:330
Stack trace:
#0 C:\xampp\htdocs\blog\framework\gii\generators\crud\CrudCode.php(59): YiiBase::import('application.mod...', true)
#1 C:\xampp\htdocs\blog\framework\validators\CInlineValidator.php(42): CrudCode->validateModel('model', Array)
#2 C:\xampp\htdocs\blog\framework\validators\CValidator.php(201): CInlineValidator->validateAttribute(Object(CrudCode), 'model')
#3 C:\xampp\htdocs\blog\framework\base\CModel.php(159): CValidator->validate(Object(CrudCode), Array)
#4 C:\xampp\htdocs\blog\framework\gii\CCodeGenerator.php(159): CModel->validate()
#5 C:\xampp\htdocs\blog\framework\gii\CCodeGenerator.php(63): CCodeGenerator->prepare()
#6 C:\xampp\htdocs\blog\framework\web\actions\CInlineAction.php(49): CCodeGenerator->actionIndex()
#7 C:\xampp\htdocs\blog\framework\web\CController.php(308): CInlineAction->runWithParams(Array)
#8 C:\xampp\htdocs\blog\framework\web\CController.php(286): CController->runAction(Object(CInlineAction))
#9 C:\xampp\htdocs\blog\framework\web\CController.php(265): CController->runActionWithFilters(Object(CInlineAction), Array)
#10 C:\xampp\htdocs\blog\framework\web\CWebApplication.php(282): CController->run('index')
#11 C:\xampp\htdocs\blog\framework\web\CWebApplication.php(141): CWebApplication->runController('gii/crud/index')
#12 C:\xampp\htdocs\blog\framework\base\CApplication.php(185): CWebApplication->processRequest()
#13 C:\xampp\htdocs\blog\index.php(13): CApplication->run()
#14 {main}
REQUEST_URI=/blog/index.php?r=gii/crud/index
HTTP_REFERER=http://localhost/blog/index.php?r=gii/crud/index
---
2024/07/04 10:47:13 [error] [exception.CException] CException: Alias "application.models.Comment" is invalid. Make sure it points to an existing PHP file and the file is readable. in C:\xampp\htdocs\blog\framework\YiiBase.php:330
Stack trace:
#0 C:\xampp\htdocs\blog\framework\gii\generators\crud\CrudCode.php(59): YiiBase::import('application.mod...', true)
#1 C:\xampp\htdocs\blog\framework\validators\CInlineValidator.php(42): CrudCode->validateModel('model', Array)
#2 C:\xampp\htdocs\blog\framework\validators\CValidator.php(201): CInlineValidator->validateAttribute(Object(CrudCode), 'model')
#3 C:\xampp\htdocs\blog\framework\base\CModel.php(159): CValidator->validate(Object(CrudCode), Array)
#4 C:\xampp\htdocs\blog\framework\gii\CCodeGenerator.php(159): CModel->validate()
#5 C:\xampp\htdocs\blog\framework\gii\CCodeGenerator.php(63): CCodeGenerator->prepare()
#6 C:\xampp\htdocs\blog\framework\web\actions\CInlineAction.php(49): CCodeGenerator->actionIndex()
#7 C:\xampp\htdocs\blog\framework\web\CController.php(308): CInlineAction->runWithParams(Array)
#8 C:\xampp\htdocs\blog\framework\web\CController.php(286): CController->runAction(Object(CInlineAction))
#9 C:\xampp\htdocs\blog\framework\web\CController.php(265): CController->runActionWithFilters(Object(CInlineAction), Array)
#10 C:\xampp\htdocs\blog\framework\web\CWebApplication.php(282): CController->run('index')
#11 C:\xampp\htdocs\blog\framework\web\CWebApplication.php(141): CWebApplication->runController('gii/crud/index')
#12 C:\xampp\htdocs\blog\framework\base\CApplication.php(185): CWebApplication->processRequest()
#13 C:\xampp\htdocs\blog\index.php(13): CApplication->run()
#14 {main}
REQUEST_URI=/blog/index.php?r=gii/crud/index
HTTP_REFERER=http://localhost/blog/index.php?r=gii/crud/index
---
2024/07/04 15:53:50 [error] [system.db.CDbCommand] CDbCommand::fetch() failed: SQLSTATE[HY093]: Invalid parameter number: number of bound variables does not match number of tokens. The SQL statement executed was: SELECT * FROM `tbl_user` `t` WHERE LOWER(username) LIMIT 1.
in C:\xampp\htdocs\blog\protected\components\UserIdentity.php (23)
in C:\xampp\htdocs\blog\protected\models\LoginForm.php (54)
in C:\xampp\htdocs\blog\protected\controllers\SiteController.php (94)
2024/07/04 15:53:50 [error] [exception.CDbException] CDbException: CDbCommand failed to execute the SQL statement: SQLSTATE[HY093]: Invalid parameter number: number of bound variables does not match number of tokens. The SQL statement executed was: SELECT * FROM `tbl_user` `t` WHERE LOWER(username) LIMIT 1 in C:\xampp\htdocs\blog\framework\db\CDbCommand.php:543
Stack trace:
#0 C:\xampp\htdocs\blog\framework\db\CDbCommand.php(415): CDbCommand->queryInternal('fetch', Array, Array)
#1 C:\xampp\htdocs\blog\framework\db\ar\CActiveRecord.php(1359): CDbCommand->queryRow()
#2 C:\xampp\htdocs\blog\framework\db\ar\CActiveRecord.php(1464): CActiveRecord->query(Object(CDbCriteria))
#3 C:\xampp\htdocs\blog\protected\components\UserIdentity.php(23): CActiveRecord->find('LOWER(username)', Array)
#4 C:\xampp\htdocs\blog\protected\models\LoginForm.php(54): UserIdentity->authenticate()
#5 C:\xampp\htdocs\blog\framework\validators\CInlineValidator.php(42): LoginForm->authenticate('password', Array)
#6 C:\xampp\htdocs\blog\framework\validators\CValidator.php(201): CInlineValidator->validateAttribute(Object(LoginForm), 'password')
#7 C:\xampp\htdocs\blog\framework\base\CModel.php(159): CValidator->validate(Object(LoginForm), Array)
#8 C:\xampp\htdocs\blog\protected\controllers\SiteController.php(94): CModel->validate()
#9 C:\xampp\htdocs\blog\framework\web\actions\CInlineAction.php(49): SiteController->actionLogin()
#10 C:\xampp\htdocs\blog\framework\web\CController.php(308): CInlineAction->runWithParams(Array)
#11 C:\xampp\htdocs\blog\framework\web\CController.php(286): CController->runAction(Object(CInlineAction))
#12 C:\xampp\htdocs\blog\framework\web\CController.php(265): CController->runActionWithFilters(Object(CInlineAction), Array)
#13 C:\xampp\htdocs\blog\framework\web\CWebApplication.php(282): CController->run('login')
#14 C:\xampp\htdocs\blog\framework\web\CWebApplication.php(141): CWebApplication->runController('site/login')
#15 C:\xampp\htdocs\blog\framework\base\CApplication.php(185): CWebApplication->processRequest()
#16 C:\xampp\htdocs\blog\index.php(13): CApplication->run()
#17 {main}
REQUEST_URI=/blog/index.php?r=site/login
HTTP_REFERER=http://localhost/blog/index.php?r=site/login
---
2024/07/06 15:53:10 [error] [php] include(normalizeTags.php): Failed to open stream: No such file or directory (C:\xampp\htdocs\blog\framework\YiiBase.php:463)
Stack trace:
#0 C:\xampp\htdocs\blog\framework\YiiBase.php(463): include()
#1 unknown(0): autoload()
#2 C:\xampp\htdocs\blog\framework\YiiBase.php(310): class_exists()
#3 C:\xampp\htdocs\blog\framework\validators\CValidator.php(174): import()
#4 C:\xampp\htdocs\blog\framework\base\CModel.php(287): createValidator()
#5 C:\xampp\htdocs\blog\framework\base\CModel.php(260): Post->createValidators()
#6 C:\xampp\htdocs\blog\framework\web\helpers\CHtml.php(2491): Post->getValidators()
#7 C:\xampp\htdocs\blog\framework\web\helpers\CHtml.php(1554): activeInputField()
#8 C:\xampp\htdocs\blog\framework\web\widgets\CActiveForm.php(793): activeTextField()
#9 C:\xampp\htdocs\blog\protected\views\post\_search.php(16): CActiveForm->textField()
#10 C:\xampp\htdocs\blog\framework\web\CBaseController.php(126): require()
#11 C:\xampp\htdocs\blog\framework\web\CBaseController.php(95): PostController->renderInternal()
#12 C:\xampp\htdocs\blog\framework\web\CController.php(872): PostController->renderFile()
#13 C:\xampp\htdocs\blog\protected\views\post\admin.php(38): PostController->renderPartial()
#14 C:\xampp\htdocs\blog\framework\web\CBaseController.php(126): require()
#15 C:\xampp\htdocs\blog\framework\web\CBaseController.php(95): PostController->renderInternal()
#16 C:\xampp\htdocs\blog\framework\web\CController.php(872): PostController->renderFile()
#17 C:\xampp\htdocs\blog\framework\web\CController.php(785): PostController->renderPartial()
#18 C:\xampp\htdocs\blog\protected\controllers\PostController.php(154): PostController->render()
#19 C:\xampp\htdocs\blog\framework\web\actions\CInlineAction.php(49): PostController->actionAdmin()
#20 C:\xampp\htdocs\blog\framework\web\CController.php(308): CInlineAction->runWithParams()
#21 C:\xampp\htdocs\blog\framework\web\filters\CFilterChain.php(134): PostController->runAction()
#22 C:\xampp\htdocs\blog\framework\web\filters\CFilter.php(40): CFilterChain->run()
#23 C:\xampp\htdocs\blog\framework\web\CController.php(1148): CAccessControlFilter->filter()
#24 C:\xampp\htdocs\blog\framework\web\filters\CInlineFilter.php(58): PostController->filterAccessControl()
#25 C:\xampp\htdocs\blog\framework\web\filters\CFilterChain.php(131): CInlineFilter->filter()
#26 C:\xampp\htdocs\blog\framework\web\CController.php(291): CFilterChain->run()
#27 C:\xampp\htdocs\blog\framework\web\CController.php(265): PostController->runActionWithFilters()
#28 C:\xampp\htdocs\blog\framework\web\CWebApplication.php(282): PostController->run()
#29 C:\xampp\htdocs\blog\framework\web\CWebApplication.php(141): CWebApplication->runController()
#30 C:\xampp\htdocs\blog\framework\base\CApplication.php(185): CWebApplication->processRequest()
#31 C:\xampp\htdocs\blog\index.php(13): CWebApplication->run()
REQUEST_URI=/blog/index.php?r=post/admin
in C:\xampp\htdocs\blog\protected\views\post\_search.php (16)
in C:\xampp\htdocs\blog\protected\views\post\admin.php (38)
in C:\xampp\htdocs\blog\protected\controllers\PostController.php (154)
2024/07/07 09:40:03 [error] [php] include(normalizeTags.php): Failed to open stream: No such file or directory (C:\xampp\htdocs\blog\framework\YiiBase.php:463)
Stack trace:
#0 C:\xampp\htdocs\blog\framework\YiiBase.php(463): include()
#1 unknown(0): autoload()
#2 C:\xampp\htdocs\blog\framework\YiiBase.php(310): class_exists()
#3 C:\xampp\htdocs\blog\framework\validators\CValidator.php(174): import()
#4 C:\xampp\htdocs\blog\framework\base\CModel.php(287): createValidator()
#5 C:\xampp\htdocs\blog\framework\base\CModel.php(260): Post->createValidators()
#6 C:\xampp\htdocs\blog\framework\web\helpers\CHtml.php(2491): Post->getValidators()
#7 C:\xampp\htdocs\blog\framework\web\helpers\CHtml.php(1554): activeInputField()
#8 C:\xampp\htdocs\blog\framework\web\widgets\CActiveForm.php(793): activeTextField()
#9 C:\xampp\htdocs\blog\protected\views\post\_search.php(16): CActiveForm->textField()
#10 C:\xampp\htdocs\blog\framework\web\CBaseController.php(126): require()
#11 C:\xampp\htdocs\blog\framework\web\CBaseController.php(95): PostController->renderInternal()
#12 C:\xampp\htdocs\blog\framework\web\CController.php(872): PostController->renderFile()
#13 C:\xampp\htdocs\blog\protected\views\post\admin.php(38): PostController->renderPartial()
#14 C:\xampp\htdocs\blog\framework\web\CBaseController.php(126): require()
#15 C:\xampp\htdocs\blog\framework\web\CBaseController.php(95): PostController->renderInternal()
#16 C:\xampp\htdocs\blog\framework\web\CController.php(872): PostController->renderFile()
#17 C:\xampp\htdocs\blog\framework\web\CController.php(785): PostController->renderPartial()
#18 C:\xampp\htdocs\blog\protected\controllers\PostController.php(154): PostController->render()
#19 C:\xampp\htdocs\blog\framework\web\actions\CInlineAction.php(49): PostController->actionAdmin()
#20 C:\xampp\htdocs\blog\framework\web\CController.php(308): CInlineAction->runWithParams()
#21 C:\xampp\htdocs\blog\framework\web\filters\CFilterChain.php(134): PostController->runAction()
#22 C:\xampp\htdocs\blog\framework\web\filters\CFilter.php(40): CFilterChain->run()
#23 C:\xampp\htdocs\blog\framework\web\CController.php(1148): CAccessControlFilter->filter()
#24 C:\xampp\htdocs\blog\framework\web\filters\CInlineFilter.php(58): PostController->filterAccessControl()
#25 C:\xampp\htdocs\blog\framework\web\filters\CFilterChain.php(131): CInlineFilter->filter()
#26 C:\xampp\htdocs\blog\framework\web\CController.php(291): CFilterChain->run()
#27 C:\xampp\htdocs\blog\framework\web\CController.php(265): PostController->runActionWithFilters()
#28 C:\xampp\htdocs\blog\framework\web\CWebApplication.php(282): PostController->run()
#29 C:\xampp\htdocs\blog\framework\web\CWebApplication.php(141): CWebApplication->runController()
#30 C:\xampp\htdocs\blog\framework\base\CApplication.php(185): CWebApplication->processRequest()
#31 C:\xampp\htdocs\blog\index.php(13): CWebApplication->run()
REQUEST_URI=/blog/index.php?r=post/admin
in C:\xampp\htdocs\blog\protected\views\post\_search.php (16)
in C:\xampp\htdocs\blog\protected\views\post\admin.php (38)
in C:\xampp\htdocs\blog\protected\controllers\PostController.php (154)
2024/07/07 09:58:27 [error] [php] Attempt to read property "code" on array (C:\xampp\htdocs\blog\protected\models\Lookup.php:134)
Stack trace:
#0 C:\xampp\htdocs\blog\protected\models\Lookup.php(110): loadItems()
#1 C:\xampp\htdocs\blog\protected\views\post\admin.php(58): items()
#2 C:\xampp\htdocs\blog\framework\web\CBaseController.php(126): require()
#3 C:\xampp\htdocs\blog\framework\web\CBaseController.php(95): PostController->renderInternal()
#4 C:\xampp\htdocs\blog\framework\web\CController.php(872): PostController->renderFile()
#5 C:\xampp\htdocs\blog\framework\web\CController.php(785): PostController->renderPartial()
#6 C:\xampp\htdocs\blog\protected\controllers\PostController.php(154): PostController->render()
#7 C:\xampp\htdocs\blog\framework\web\actions\CInlineAction.php(49): PostController->actionAdmin()
#8 C:\xampp\htdocs\blog\framework\web\CController.php(308): CInlineAction->runWithParams()
#9 C:\xampp\htdocs\blog\framework\web\filters\CFilterChain.php(134): PostController->runAction()
#10 C:\xampp\htdocs\blog\framework\web\filters\CFilter.php(40): CFilterChain->run()
#11 C:\xampp\htdocs\blog\framework\web\CController.php(1148): CAccessControlFilter->filter()
#12 C:\xampp\htdocs\blog\framework\web\filters\CInlineFilter.php(58): PostController->filterAccessControl()
#13 C:\xampp\htdocs\blog\framework\web\filters\CFilterChain.php(131): CInlineFilter->filter()
#14 C:\xampp\htdocs\blog\framework\web\CController.php(291): CFilterChain->run()
#15 C:\xampp\htdocs\blog\framework\web\CController.php(265): PostController->runActionWithFilters()
#16 C:\xampp\htdocs\blog\framework\web\CWebApplication.php(282): PostController->run()
#17 C:\xampp\htdocs\blog\framework\web\CWebApplication.php(141): CWebApplication->runController()
#18 C:\xampp\htdocs\blog\framework\base\CApplication.php(185): CWebApplication->processRequest()
#19 C:\xampp\htdocs\blog\index.php(13): CWebApplication->run()
REQUEST_URI=/blog/index.php?r=post/admin
in C:\xampp\htdocs\blog\protected\models\Lookup.php (134)
in C:\xampp\htdocs\blog\protected\models\Lookup.php (110)
in C:\xampp\htdocs\blog\protected\views\post\admin.php (58)
2024/07/07 10:04:29 [error] [php] Undefined variable $_items (C:\xampp\htdocs\blog\protected\models\Lookup.php:120)
Stack trace:
#0 C:\xampp\htdocs\blog\framework\base\CComponent.php(612) : eval()'d code(1): item()
#1 C:\xampp\htdocs\blog\framework\base\CComponent.php(612): eval()
#2 C:\xampp\htdocs\blog\framework\zii\widgets\grid\CDataColumn.php(148): CDataColumn->evaluateExpression()
#3 C:\xampp\htdocs\blog\framework\zii\widgets\grid\CGridColumn.php(237): CDataColumn->getDataCellContent()
#4 C:\xampp\htdocs\blog\framework\zii\widgets\grid\CGridColumn.php(160): CDataColumn->renderDataCellContent()
#5 C:\xampp\htdocs\blog\framework\zii\widgets\grid\CGridView.php(655): CDataColumn->renderDataCell()
#6 C:\xampp\htdocs\blog\framework\zii\widgets\grid\CGridView.php(639): CGridView->renderDataCell()
#7 C:\xampp\htdocs\blog\framework\zii\widgets\grid\CGridView.php(595): CGridView->renderTableRow()
#8 C:\xampp\htdocs\blog\framework\zii\widgets\grid\CGridView.php(505): CGridView->renderTableBody()
#9 C:\xampp\htdocs\blog\framework\zii\widgets\CBaseListView.php(181): CGridView->renderItems()
#10 unknown(0): CGridView->renderSection()
#11 C:\xampp\htdocs\blog\framework\zii\widgets\CBaseListView.php(164): preg_replace_callback()
#12 C:\xampp\htdocs\blog\framework\zii\widgets\CBaseListView.php(149): CGridView->renderContent()
#13 C:\xampp\htdocs\blog\framework\web\CBaseController.php(182): CGridView->run()
#14 C:\xampp\htdocs\blog\protected\views\post\admin.php(43): PostController->widget()
#15 C:\xampp\htdocs\blog\framework\web\CBaseController.php(126): require()
#16 C:\xampp\htdocs\blog\framework\web\CBaseController.php(95): PostController->renderInternal()
#17 C:\xampp\htdocs\blog\framework\web\CController.php(872): PostController->renderFile()
#18 C:\xampp\htdocs\blog\framework\web\CController.php(785): PostController->renderPartial()
#19 C:\xampp\htdocs\blog\protected\controllers\PostController.php(154): PostController->render()
#20 C:\xampp\htdocs\blog\framework\web\actions\CInlineAction.php(49): PostController->actionAdmin()
#21 C:\xampp\htdocs\blog\framework\web\CController.php(308): CInlineAction->runWithParams()
#22 C:\xampp\htdocs\blog\framework\web\filters\CFilterChain.php(134): PostController->runAction()
#23 C:\xampp\htdocs\blog\framework\web\filters\CFilter.php(40): CFilterChain->run()
#24 C:\xampp\htdocs\blog\framework\web\CController.php(1148): CAccessControlFilter->filter()
#25 C:\xampp\htdocs\blog\framework\web\filters\CInlineFilter.php(58): PostController->filterAccessControl()
#26 C:\xampp\htdocs\blog\framework\web\filters\CFilterChain.php(131): CInlineFilter->filter()
#27 C:\xampp\htdocs\blog\framework\web\CController.php(291): CFilterChain->run()
#28 C:\xampp\htdocs\blog\framework\web\CController.php(265): PostController->runActionWithFilters()
#29 C:\xampp\htdocs\blog\framework\web\CWebApplication.php(282): PostController->run()
#30 C:\xampp\htdocs\blog\framework\web\CWebApplication.php(141): CWebApplication->runController()
#31 C:\xampp\htdocs\blog\framework\base\CApplication.php(185): CWebApplication->processRequest()
#32 C:\xampp\htdocs\blog\index.php(13): CWebApplication->run()
REQUEST_URI=/blog/index.php?r=post/admin
in C:\xampp\htdocs\blog\protected\models\Lookup.php (120)
in C:\xampp\htdocs\blog\protected\views\post\admin.php (43)
in C:\xampp\htdocs\blog\protected\controllers\PostController.php (154)
2024/07/07 10:06:13 [warning] [application] Failed to set unsafe attribute "create_time" of "Post".
in C:\xampp\htdocs\blog\protected\controllers\PostController.php (152)
in C:\xampp\htdocs\blog\index.php (13)
2024/07/07 10:06:16 [warning] [application] Failed to set unsafe attribute "create_time" of "Post".
in C:\xampp\htdocs\blog\protected\controllers\PostController.php (152)
in C:\xampp\htdocs\blog\index.php (13)
2024/07/07 10:06:17 [warning] [application] Failed to set unsafe attribute "create_time" of "Post".
in C:\xampp\htdocs\blog\protected\controllers\PostController.php (152)
in C:\xampp\htdocs\blog\index.php (13)
2024/07/16 01:11:34 [error] [exception.CHttpException.404] CHttpException: Unable to resolve the request "project". in C:\xampp\htdocs\blog\framework\web\CWebApplication.php:286
Stack trace:
#0 C:\xampp\htdocs\blog\framework\web\CWebApplication.php(141): CWebApplication->runController('project')
#1 C:\xampp\htdocs\blog\framework\base\CApplication.php(185): CWebApplication->processRequest()
#2 C:\xampp\htdocs\blog\index.php(13): CApplication->run()
#3 {main}
REQUEST_URI=/blog/index.php?r=project
---
2024/07/16 02:59:55 [warning] [application] Failed to set unsafe attribute "id" of "Post".
in C:\xampp\htdocs\blog\protected\controllers\PostController.php (153)
in C:\xampp\htdocs\blog\index.php (13)
2024/07/16 02:59:55 [warning] [application] Failed to set unsafe attribute "create_time" of "Post".
in C:\xampp\htdocs\blog\protected\controllers\PostController.php (153)
in C:\xampp\htdocs\blog\index.php (13)
2024/07/16 02:59:55 [warning] [application] Failed to set unsafe attribute "update_time" of "Post".
in C:\xampp\htdocs\blog\protected\controllers\PostController.php (153)
in C:\xampp\htdocs\blog\index.php (13)
2024/07/16 02:59:55 [warning] [application] Failed to set unsafe attribute "author_id" of "Post".
in C:\xampp\htdocs\blog\protected\controllers\PostController.php (153)
in C:\xampp\htdocs\blog\index.php (13)
2024/07/16 15:02:56 [warning] [application] Failed to set unsafe attribute "status" of "Comment".
in C:\xampp\htdocs\blog\protected\controllers\PostController.php (206)
in C:\xampp\htdocs\blog\protected\controllers\PostController.php (56)
in C:\xampp\htdocs\blog\index.php (13)
2024/07/16 15:02:56 [warning] [application] Failed to set unsafe attribute "create_time" of "Comment".
in C:\xampp\htdocs\blog\protected\controllers\PostController.php (206)
in C:\xampp\htdocs\blog\protected\controllers\PostController.php (56)
in C:\xampp\htdocs\blog\index.php (13)
2024/07/16 15:02:56 [warning] [application] Failed to set unsafe attribute "post_id" of "Comment".
in C:\xampp\htdocs\blog\protected\controllers\PostController.php (206)
in C:\xampp\htdocs\blog\protected\controllers\PostController.php (56)
in C:\xampp\htdocs\blog\index.php (13)
2024/07/16 15:05:16 [warning] [application] Failed to set unsafe attribute "status" of "Comment".
in C:\xampp\htdocs\blog\protected\controllers\PostController.php (206)
in C:\xampp\htdocs\blog\protected\controllers\PostController.php (56)
in C:\xampp\htdocs\blog\index.php (13)
2024/07/16 15:05:16 [warning] [application] Failed to set unsafe attribute "create_time" of "Comment".
in C:\xampp\htdocs\blog\protected\controllers\PostController.php (206)
in C:\xampp\htdocs\blog\protected\controllers\PostController.php (56)
in C:\xampp\htdocs\blog\index.php (13)
2024/07/16 15:05:16 [warning] [application] Failed to set unsafe attribute "post_id" of "Comment".
in C:\xampp\htdocs\blog\protected\controllers\PostController.php (206)
in C:\xampp\htdocs\blog\protected\controllers\PostController.php (56)
in C:\xampp\htdocs\blog\index.php (13)
2024/07/16 15:05:19 [warning] [application] Failed to set unsafe attribute "status" of "Comment".
in C:\xampp\htdocs\blog\protected\controllers\PostController.php (206)
in C:\xampp\htdocs\blog\protected\controllers\PostController.php (56)
in C:\xampp\htdocs\blog\index.php (13)
2024/07/16 15:05:19 [warning] [application] Failed to set unsafe attribute "create_time" of "Comment".
in C:\xampp\htdocs\blog\protected\controllers\PostController.php (206)
in C:\xampp\htdocs\blog\protected\controllers\PostController.php (56)
in C:\xampp\htdocs\blog\index.php (13)
2024/07/16 15:05:19 [warning] [application] Failed to set unsafe attribute "post_id" of "Comment".
in C:\xampp\htdocs\blog\protected\controllers\PostController.php (206)
in C:\xampp\htdocs\blog\protected\controllers\PostController.php (56)
in C:\xampp\htdocs\blog\index.php (13)
2024/07/16 15:05:36 [warning] [application] Failed to set unsafe attribute "status" of "Comment".
in C:\xampp\htdocs\blog\protected\controllers\PostController.php (206)
in C:\xampp\htdocs\blog\protected\controllers\PostController.php (56)
in C:\xampp\htdocs\blog\index.php (13)
2024/07/16 15:05:36 [warning] [application] Failed to set unsafe attribute "create_time" of "Comment".
in C:\xampp\htdocs\blog\protected\controllers\PostController.php (206)
in C:\xampp\htdocs\blog\protected\controllers\PostController.php (56)
in C:\xampp\htdocs\blog\index.php (13)
2024/07/16 15:05:36 [warning] [application] Failed to set unsafe attribute "post_id" of "Comment".
in C:\xampp\htdocs\blog\protected\controllers\PostController.php (206)
in C:\xampp\htdocs\blog\protected\controllers\PostController.php (56)
in C:\xampp\htdocs\blog\index.php (13)
2024/07/16 15:07:11 [warning] [application] Failed to set unsafe attribute "status" of "Comment".
in C:\xampp\htdocs\blog\protected\controllers\PostController.php (206)
in C:\xampp\htdocs\blog\protected\controllers\PostController.php (56)
in C:\xampp\htdocs\blog\index.php (13)
2024/07/16 15:07:11 [warning] [application] Failed to set unsafe attribute "create_time" of "Comment".
in C:\xampp\htdocs\blog\protected\controllers\PostController.php (206)
in C:\xampp\htdocs\blog\protected\controllers\PostController.php (56)
in C:\xampp\htdocs\blog\index.php (13)
2024/07/16 15:07:11 [warning] [application] Failed to set unsafe attribute "post_id" of "Comment".
in C:\xampp\htdocs\blog\protected\controllers\PostController.php (206)
in C:\xampp\htdocs\blog\protected\controllers\PostController.php (56)
in C:\xampp\htdocs\blog\index.php (13)
2024/07/16 15:07:22 [warning] [application] Failed to set unsafe attribute "status" of "Comment".
in C:\xampp\htdocs\blog\protected\controllers\PostController.php (206)
in C:\xampp\htdocs\blog\protected\controllers\PostController.php (56)
in C:\xampp\htdocs\blog\index.php (13)
2024/07/16 15:07:22 [warning] [application] Failed to set unsafe attribute "create_time" of "Comment".
in C:\xampp\htdocs\blog\protected\controllers\PostController.php (206)
in C:\xampp\htdocs\blog\protected\controllers\PostController.php (56)
in C:\xampp\htdocs\blog\index.php (13)
2024/07/16 15:07:22 [warning] [application] Failed to set unsafe attribute "post_id" of "Comment".
in C:\xampp\htdocs\blog\protected\controllers\PostController.php (206)
in C:\xampp\htdocs\blog\protected\controllers\PostController.php (56)
in C:\xampp\htdocs\blog\index.php (13)
2024/07/16 15:07:28 [error] [exception.CException] CException: Comment and its behaviors do not have a method or closure named "getUrl". in C:\xampp\htdocs\blog\framework\base\CComponent.php:264
Stack trace:
#0 C:\xampp\htdocs\blog\framework\db\ar\CActiveRecord.php(229): CComponent->__call('getUrl', Array)
#1 C:\xampp\htdocs\blog\protected\views\post\_comments.php(3): CActiveRecord->__call('getUrl', Array)
#2 C:\xampp\htdocs\blog\framework\web\CBaseController.php(126): require('C:\\xampp\\htdocs...')
#3 C:\xampp\htdocs\blog\framework\web\CBaseController.php(95): CBaseController->renderInternal('C:\\xampp\\htdocs...', Array, true)
#4 C:\xampp\htdocs\blog\framework\web\CController.php(872): CBaseController->renderFile('C:\\xampp\\htdocs...', Array, true)
#5 C:\xampp\htdocs\blog\protected\views\post\view.php(27): CController->renderPartial('_comments', Array)
#6 C:\xampp\htdocs\blog\framework\web\CBaseController.php(126): require('C:\\xampp\\htdocs...')
#7 C:\xampp\htdocs\blog\framework\web\CBaseController.php(95): CBaseController->renderInternal('C:\\xampp\\htdocs...', Array, true)
#8 C:\xampp\htdocs\blog\framework\web\CController.php(872): CBaseController->renderFile('C:\\xampp\\htdocs...', Array, true)
#9 C:\xampp\htdocs\blog\framework\web\CController.php(785): CController->renderPartial('view', Array, true)
#10 C:\xampp\htdocs\blog\protected\controllers\PostController.php(54): CController->render('view', Array)
#11 [internal function]: PostController->actionView('2')
#12 C:\xampp\htdocs\blog\framework\web\actions\CAction.php(114): ReflectionMethod->invokeArgs(Object(PostController), Array)
#13 C:\xampp\htdocs\blog\framework\web\actions\CInlineAction.php(47): CAction->runWithParamsInternal(Object(PostController), Object(ReflectionMethod), Array)
#14 C:\xampp\htdocs\blog\framework\web\CController.php(308): CInlineAction->runWithParams(Array)
#15 C:\xampp\htdocs\blog\framework\web\filters\CFilterChain.php(134): CController->runAction(Object(CInlineAction))
#16 C:\xampp\htdocs\blog\framework\web\filters\CFilter.php(40): CFilterChain->run()
#17 C:\xampp\htdocs\blog\framework\web\CController.php(1148): CFilter->filter(Object(CFilterChain))
#18 C:\xampp\htdocs\blog\framework\web\filters\CInlineFilter.php(58): CController->filterAccessControl(Object(CFilterChain))
#19 C:\xampp\htdocs\blog\framework\web\filters\CFilterChain.php(131): CInlineFilter->filter(Object(CFilterChain))
#20 C:\xampp\htdocs\blog\framework\web\CController.php(291): CFilterChain->run()
#21 C:\xampp\htdocs\blog\framework\web\CController.php(265): CController->runActionWithFilters(Object(CInlineAction), Array)
#22 C:\xampp\htdocs\blog\framework\web\CWebApplication.php(282): CController->run('view')
#23 C:\xampp\htdocs\blog\framework\web\CWebApplication.php(141): CWebApplication->runController('post/view')
#24 C:\xampp\htdocs\blog\framework\base\CApplication.php(185): CWebApplication->processRequest()
#25 C:\xampp\htdocs\blog\index.php(13): CApplication->run()
#26 {main}
REQUEST_URI=/blog/index.php?r=post/view&id=2&title=A+Test+Post
HTTP_REFERER=http://localhost/blog/index.php?r=post/admin
---
2024/07/16 15:07:44 [warning] [application] Failed to set unsafe attribute "status" of "Comment".
in C:\xampp\htdocs\blog\protected\controllers\PostController.php (206)
in C:\xampp\htdocs\blog\protected\controllers\PostController.php (56)
in C:\xampp\htdocs\blog\index.php (13)
2024/07/16 15:07:44 [warning] [application] Failed to set unsafe attribute "create_time" of "Comment".
in C:\xampp\htdocs\blog\protected\controllers\PostController.php (206)
in C:\xampp\htdocs\blog\protected\controllers\PostController.php (56)
in C:\xampp\htdocs\blog\index.php (13)
2024/07/16 15:07:44 [warning] [application] Failed to set unsafe attribute "post_id" of "Comment".
in C:\xampp\htdocs\blog\protected\controllers\PostController.php (206)
in C:\xampp\htdocs\blog\protected\controllers\PostController.php (56)
in C:\xampp\htdocs\blog\index.php (13)
2024/07/16 15:08:23 [error] [exception.CException] CException: Comment and its behaviors do not have a method or closure named "getUrl". in C:\xampp\htdocs\blog\framework\base\CComponent.php:264
Stack trace:
#0 C:\xampp\htdocs\blog\framework\db\ar\CActiveRecord.php(229): CComponent->__call('getUrl', Array)
#1 C:\xampp\htdocs\blog\protected\views\post\_comments.php(3): CActiveRecord->__call('getUrl', Array)
#2 C:\xampp\htdocs\blog\framework\web\CBaseController.php(126): require('C:\\xampp\\htdocs...')
#3 C:\xampp\htdocs\blog\framework\web\CBaseController.php(95): CBaseController->renderInternal('C:\\xampp\\htdocs...', Array, true)
#4 C:\xampp\htdocs\blog\framework\web\CController.php(872): CBaseController->renderFile('C:\\xampp\\htdocs...', Array, true)
#5 C:\xampp\htdocs\blog\protected\views\post\view.php(27): CController->renderPartial('_comments', Array)
#6 C:\xampp\htdocs\blog\framework\web\CBaseController.php(126): require('C:\\xampp\\htdocs...')
#7 C:\xampp\htdocs\blog\framework\web\CBaseController.php(95): CBaseController->renderInternal('C:\\xampp\\htdocs...', Array, true)
#8 C:\xampp\htdocs\blog\framework\web\CController.php(872): CBaseController->renderFile('C:\\xampp\\htdocs...', Array, true)
#9 C:\xampp\htdocs\blog\framework\web\CController.php(785): CController->renderPartial('view', Array, true)
#10 C:\xampp\htdocs\blog\protected\controllers\PostController.php(54): CController->render('view', Array)
#11 [internal function]: PostController->actionView('2')
#12 C:\xampp\htdocs\blog\framework\web\actions\CAction.php(114): ReflectionMethod->invokeArgs(Object(PostController), Array)
#13 C:\xampp\htdocs\blog\framework\web\actions\CInlineAction.php(47): CAction->runWithParamsInternal(Object(PostController), Object(ReflectionMethod), Array)
#14 C:\xampp\htdocs\blog\framework\web\CController.php(308): CInlineAction->runWithParams(Array)
#15 C:\xampp\htdocs\blog\framework\web\filters\CFilterChain.php(134): CController->runAction(Object(CInlineAction))
#16 C:\xampp\htdocs\blog\framework\web\filters\CFilter.php(40): CFilterChain->run()
#17 C:\xampp\htdocs\blog\framework\web\CController.php(1148): CFilter->filter(Object(CFilterChain))
#18 C:\xampp\htdocs\blog\framework\web\filters\CInlineFilter.php(58): CController->filterAccessControl(Object(CFilterChain))
#19 C:\xampp\htdocs\blog\framework\web\filters\CFilterChain.php(131): CInlineFilter->filter(Object(CFilterChain))
#20 C:\xampp\htdocs\blog\framework\web\CController.php(291): CFilterChain->run()
#21 C:\xampp\htdocs\blog\framework\web\CController.php(265): CController->runActionWithFilters(Object(CInlineAction), Array)
#22 C:\xampp\htdocs\blog\framework\web\CWebApplication.php(282): CController->run('view')
#23 C:\xampp\htdocs\blog\framework\web\CWebApplication.php(141): CWebApplication->runController('post/view')
#24 C:\xampp\htdocs\blog\framework\base\CApplication.php(185): CWebApplication->processRequest()
#25 C:\xampp\htdocs\blog\index.php(13): CApplication->run()
#26 {main}
REQUEST_URI=/blog/index.php?r=post/view&id=2&title=A+Test+Post
HTTP_REFERER=http://localhost/blog/index.php?r=post/admin
---
2024/07/16 15:12:32 [error] [exception.CException] CException: Comment and its behaviors do not have a method or closure named "getUrl". in C:\xampp\htdocs\blog\framework\base\CComponent.php:264
Stack trace:
#0 C:\xampp\htdocs\blog\framework\db\ar\CActiveRecord.php(229): CComponent->__call('getUrl', Array)
#1 C:\xampp\htdocs\blog\protected\views\post\_comments.php(3): CActiveRecord->__call('getUrl', Array)
#2 C:\xampp\htdocs\blog\framework\web\CBaseController.php(126): require('C:\\xampp\\htdocs...')
#3 C:\xampp\htdocs\blog\framework\web\CBaseController.php(95): CBaseController->renderInternal('C:\\xampp\\htdocs...', Array, true)
#4 C:\xampp\htdocs\blog\framework\web\CController.php(872): CBaseController->renderFile('C:\\xampp\\htdocs...', Array, true)
#5 C:\xampp\htdocs\blog\protected\views\post\view.php(27): CController->renderPartial('_comments', Array)
#6 C:\xampp\htdocs\blog\framework\web\CBaseController.php(126): require('C:\\xampp\\htdocs...')
#7 C:\xampp\htdocs\blog\framework\web\CBaseController.php(95): CBaseController->renderInternal('C:\\xampp\\htdocs...', Array, true)
#8 C:\xampp\htdocs\blog\framework\web\CController.php(872): CBaseController->renderFile('C:\\xampp\\htdocs...', Array, true)
#9 C:\xampp\htdocs\blog\framework\web\CController.php(785): CController->renderPartial('view', Array, true)
#10 C:\xampp\htdocs\blog\protected\controllers\PostController.php(54): CController->render('view', Array)
#11 [internal function]: PostController->actionView('2')
#12 C:\xampp\htdocs\blog\framework\web\actions\CAction.php(114): ReflectionMethod->invokeArgs(Object(PostController), Array)
#13 C:\xampp\htdocs\blog\framework\web\actions\CInlineAction.php(47): CAction->runWithParamsInternal(Object(PostController), Object(ReflectionMethod), Array)
#14 C:\xampp\htdocs\blog\framework\web\CController.php(308): CInlineAction->runWithParams(Array)
#15 C:\xampp\htdocs\blog\framework\web\filters\CFilterChain.php(134): CController->runAction(Object(CInlineAction))
#16 C:\xampp\htdocs\blog\framework\web\filters\CFilter.php(40): CFilterChain->run()
#17 C:\xampp\htdocs\blog\framework\web\CController.php(1148): CFilter->filter(Object(CFilterChain))
#18 C:\xampp\htdocs\blog\framework\web\filters\CInlineFilter.php(58): CController->filterAccessControl(Object(CFilterChain))
#19 C:\xampp\htdocs\blog\framework\web\filters\CFilterChain.php(131): CInlineFilter->filter(Object(CFilterChain))
#20 C:\xampp\htdocs\blog\framework\web\CController.php(291): CFilterChain->run()
#21 C:\xampp\htdocs\blog\framework\web\CController.php(265): CController->runActionWithFilters(Object(CInlineAction), Array)
#22 C:\xampp\htdocs\blog\framework\web\CWebApplication.php(282): CController->run('view')
#23 C:\xampp\htdocs\blog\framework\web\CWebApplication.php(141): CWebApplication->runController('post/view')
#24 C:\xampp\htdocs\blog\framework\base\CApplication.php(185): CWebApplication->processRequest()
#25 C:\xampp\htdocs\blog\index.php(13): CApplication->run()
#26 {main}
REQUEST_URI=/blog/index.php?r=post/view&id=2&title=A+Test+Post
HTTP_REFERER=http://localhost/blog/index.php?r=post/admin
---
2024/07/16 15:12:33 [error] [exception.CException] CException: Comment and its behaviors do not have a method or closure named "getUrl". in C:\xampp\htdocs\blog\framework\base\CComponent.php:264
Stack trace:
#0 C:\xampp\htdocs\blog\framework\db\ar\CActiveRecord.php(229): CComponent->__call('getUrl', Array)
#1 C:\xampp\htdocs\blog\protected\views\post\_comments.php(3): CActiveRecord->__call('getUrl', Array)
#2 C:\xampp\htdocs\blog\framework\web\CBaseController.php(126): require('C:\\xampp\\htdocs...')
#3 C:\xampp\htdocs\blog\framework\web\CBaseController.php(95): CBaseController->renderInternal('C:\\xampp\\htdocs...', Array, true)
#4 C:\xampp\htdocs\blog\framework\web\CController.php(872): CBaseController->renderFile('C:\\xampp\\htdocs...', Array, true)
#5 C:\xampp\htdocs\blog\protected\views\post\view.php(27): CController->renderPartial('_comments', Array)
#6 C:\xampp\htdocs\blog\framework\web\CBaseController.php(126): require('C:\\xampp\\htdocs...')
#7 C:\xampp\htdocs\blog\framework\web\CBaseController.php(95): CBaseController->renderInternal('C:\\xampp\\htdocs...', Array, true)
#8 C:\xampp\htdocs\blog\framework\web\CController.php(872): CBaseController->renderFile('C:\\xampp\\htdocs...', Array, true)
#9 C:\xampp\htdocs\blog\framework\web\CController.php(785): CController->renderPartial('view', Array, true)
#10 C:\xampp\htdocs\blog\protected\controllers\PostController.php(54): CController->render('view', Array)
#11 [internal function]: PostController->actionView('2')
#12 C:\xampp\htdocs\blog\framework\web\actions\CAction.php(114): ReflectionMethod->invokeArgs(Object(PostController), Array)
#13 C:\xampp\htdocs\blog\framework\web\actions\CInlineAction.php(47): CAction->runWithParamsInternal(Object(PostController), Object(ReflectionMethod), Array)
#14 C:\xampp\htdocs\blog\framework\web\CController.php(308): CInlineAction->runWithParams(Array)
#15 C:\xampp\htdocs\blog\framework\web\filters\CFilterChain.php(134): CController->runAction(Object(CInlineAction))
#16 C:\xampp\htdocs\blog\framework\web\filters\CFilter.php(40): CFilterChain->run()
#17 C:\xampp\htdocs\blog\framework\web\CController.php(1148): CFilter->filter(Object(CFilterChain))
#18 C:\xampp\htdocs\blog\framework\web\filters\CInlineFilter.php(58): CController->filterAccessControl(Object(CFilterChain))
#19 C:\xampp\htdocs\blog\framework\web\filters\CFilterChain.php(131): CInlineFilter->filter(Object(CFilterChain))
#20 C:\xampp\htdocs\blog\framework\web\CController.php(291): CFilterChain->run()
#21 C:\xampp\htdocs\blog\framework\web\CController.php(265): CController->runActionWithFilters(Object(CInlineAction), Array)
#22 C:\xampp\htdocs\blog\framework\web\CWebApplication.php(282): CController->run('view')
#23 C:\xampp\htdocs\blog\framework\web\CWebApplication.php(141): CWebApplication->runController('post/view')
#24 C:\xampp\htdocs\blog\framework\base\CApplication.php(185): CWebApplication->processRequest()
#25 C:\xampp\htdocs\blog\index.php(13): CApplication->run()
#26 {main}
REQUEST_URI=/blog/index.php?r=post/view&id=2&title=A+Test+Post
HTTP_REFERER=http://localhost/blog/index.php?r=post/admin
---
2024/07/16 15:12:33 [error] [exception.CException] CException: Comment and its behaviors do not have a method or closure named "getUrl". in C:\xampp\htdocs\blog\framework\base\CComponent.php:264
Stack trace:
#0 C:\xampp\htdocs\blog\framework\db\ar\CActiveRecord.php(229): CComponent->__call('getUrl', Array)
#1 C:\xampp\htdocs\blog\protected\views\post\_comments.php(3): CActiveRecord->__call('getUrl', Array)
#2 C:\xampp\htdocs\blog\framework\web\CBaseController.php(126): require('C:\\xampp\\htdocs...')
#3 C:\xampp\htdocs\blog\framework\web\CBaseController.php(95): CBaseController->renderInternal('C:\\xampp\\htdocs...', Array, true)
#4 C:\xampp\htdocs\blog\framework\web\CController.php(872): CBaseController->renderFile('C:\\xampp\\htdocs...', Array, true)
#5 C:\xampp\htdocs\blog\protected\views\post\view.php(27): CController->renderPartial('_comments', Array)
#6 C:\xampp\htdocs\blog\framework\web\CBaseController.php(126): require('C:\\xampp\\htdocs...')
#7 C:\xampp\htdocs\blog\framework\web\CBaseController.php(95): CBaseController->renderInternal('C:\\xampp\\htdocs...', Array, true)
#8 C:\xampp\htdocs\blog\framework\web\CController.php(872): CBaseController->renderFile('C:\\xampp\\htdocs...', Array, true)
#9 C:\xampp\htdocs\blog\framework\web\CController.php(785): CController->renderPartial('view', Array, true)
#10 C:\xampp\htdocs\blog\protected\controllers\PostController.php(54): CController->render('view', Array)
#11 [internal function]: PostController->actionView('2')
#12 C:\xampp\htdocs\blog\framework\web\actions\CAction.php(114): ReflectionMethod->invokeArgs(Object(PostController), Array)
#13 C:\xampp\htdocs\blog\framework\web\actions\CInlineAction.php(47): CAction->runWithParamsInternal(Object(PostController), Object(ReflectionMethod), Array)
#14 C:\xampp\htdocs\blog\framework\web\CController.php(308): CInlineAction->runWithParams(Array)
#15 C:\xampp\htdocs\blog\framework\web\filters\CFilterChain.php(134): CController->runAction(Object(CInlineAction))
#16 C:\xampp\htdocs\blog\framework\web\filters\CFilter.php(40): CFilterChain->run()
#17 C:\xampp\htdocs\blog\framework\web\CController.php(1148): CFilter->filter(Object(CFilterChain))
#18 C:\xampp\htdocs\blog\framework\web\filters\CInlineFilter.php(58): CController->filterAccessControl(Object(CFilterChain))
#19 C:\xampp\htdocs\blog\framework\web\filters\CFilterChain.php(131): CInlineFilter->filter(Object(CFilterChain))
#20 C:\xampp\htdocs\blog\framework\web\CController.php(291): CFilterChain->run()
#21 C:\xampp\htdocs\blog\framework\web\CController.php(265): CController->runActionWithFilters(Object(CInlineAction), Array)
#22 C:\xampp\htdocs\blog\framework\web\CWebApplication.php(282): CController->run('view')
#23 C:\xampp\htdocs\blog\framework\web\CWebApplication.php(141): CWebApplication->runController('post/view')
#24 C:\xampp\htdocs\blog\framework\base\CApplication.php(185): CWebApplication->processRequest()
#25 C:\xampp\htdocs\blog\index.php(13): CApplication->run()
#26 {main}
REQUEST_URI=/blog/index.php?r=post/view&id=2&title=A+Test+Post
HTTP_REFERER=http://localhost/blog/index.php?r=post/admin
---
2024/07/16 15:13:22 [error] [exception.CException] CException: Comment and its behaviors do not have a method or closure named "getUrl". in C:\xampp\htdocs\blog\framework\base\CComponent.php:264
Stack trace:
#0 C:\xampp\htdocs\blog\framework\db\ar\CActiveRecord.php(229): CComponent->__call('getUrl', Array)
#1 C:\xampp\htdocs\blog\protected\views\post\_comments.php(3): CActiveRecord->__call('getUrl', Array)
#2 C:\xampp\htdocs\blog\framework\web\CBaseController.php(126): require('C:\\xampp\\htdocs...')
#3 C:\xampp\htdocs\blog\framework\web\CBaseController.php(95): CBaseController->renderInternal('C:\\xampp\\htdocs...', Array, true)
#4 C:\xampp\htdocs\blog\framework\web\CController.php(872): CBaseController->renderFile('C:\\xampp\\htdocs...', Array, true)
#5 C:\xampp\htdocs\blog\protected\views\post\view.php(27): CController->renderPartial('_comments', Array)
#6 C:\xampp\htdocs\blog\framework\web\CBaseController.php(126): require('C:\\xampp\\htdocs...')
#7 C:\xampp\htdocs\blog\framework\web\CBaseController.php(95): CBaseController->renderInternal('C:\\xampp\\htdocs...', Array, true)
#8 C:\xampp\htdocs\blog\framework\web\CController.php(872): CBaseController->renderFile('C:\\xampp\\htdocs...', Array, true)
#9 C:\xampp\htdocs\blog\framework\web\CController.php(785): CController->renderPartial('view', Array, true)
#10 C:\xampp\htdocs\blog\protected\controllers\PostController.php(54): CController->render('view', Array)
#11 [internal function]: PostController->actionView('2')
#12 C:\xampp\htdocs\blog\framework\web\actions\CAction.php(114): ReflectionMethod->invokeArgs(Object(PostController), Array)
#13 C:\xampp\htdocs\blog\framework\web\actions\CInlineAction.php(47): CAction->runWithParamsInternal(Object(PostController), Object(ReflectionMethod), Array)
#14 C:\xampp\htdocs\blog\framework\web\CController.php(308): CInlineAction->runWithParams(Array)
#15 C:\xampp\htdocs\blog\framework\web\filters\CFilterChain.php(134): CController->runAction(Object(CInlineAction))
#16 C:\xampp\htdocs\blog\framework\web\filters\CFilter.php(40): CFilterChain->run()
#17 C:\xampp\htdocs\blog\framework\web\CController.php(1148): CFilter->filter(Object(CFilterChain))
#18 C:\xampp\htdocs\blog\framework\web\filters\CInlineFilter.php(58): CController->filterAccessControl(Object(CFilterChain))
#19 C:\xampp\htdocs\blog\framework\web\filters\CFilterChain.php(131): CInlineFilter->filter(Object(CFilterChain))
#20 C:\xampp\htdocs\blog\framework\web\CController.php(291): CFilterChain->run()
#21 C:\xampp\htdocs\blog\framework\web\CController.php(265): CController->runActionWithFilters(Object(CInlineAction), Array)
#22 C:\xampp\htdocs\blog\framework\web\CWebApplication.php(282): CController->run('view')
#23 C:\xampp\htdocs\blog\framework\web\CWebApplication.php(141): CWebApplication->runController('post/view')
#24 C:\xampp\htdocs\blog\framework\base\CApplication.php(185): CWebApplication->processRequest()
#25 C:\xampp\htdocs\blog\index.php(13): CApplication->run()
#26 {main}
REQUEST_URI=/blog/index.php?r=post/view&id=2&title=A+Test+Post
HTTP_REFERER=http://localhost/blog/index.php?r=post/admin
---
2024/07/16 15:25:08 [error] [exception.CHttpException.404] CHttpException: The system is unable to find the requested action "admin". in C:\xampp\htdocs\blog\framework\web\CController.php:486
Stack trace:
#0 C:\xampp\htdocs\blog\framework\web\CController.php(270): CController->missingAction('admin')
#1 C:\xampp\htdocs\blog\framework\web\CWebApplication.php(282): CController->run('admin')
#2 C:\xampp\htdocs\blog\framework\web\CWebApplication.php(141): CWebApplication->runController('comment/admin')
#3 C:\xampp\htdocs\blog\framework\base\CApplication.php(185): CWebApplication->processRequest()
#4 C:\xampp\htdocs\blog\index.php(13): CApplication->run()
#5 {main}
REQUEST_URI=/blog/index.php?r=comment/admin
HTTP_REFERER=http://localhost/blog/index.php?r=comment
---
2024/07/16 15:30:52 [error] [php] include(UserMenu.php): Failed to open stream: No such file or directory (C:\xampp\htdocs\blog\framework\YiiBase.php:463)
Stack trace:
#0 C:\xampp\htdocs\blog\framework\YiiBase.php(463): include()
#1 unknown(0): autoload()
#2 C:\xampp\htdocs\blog\framework\YiiBase.php(310): class_exists()
#3 C:\xampp\htdocs\blog\framework\web\CWidgetFactory.php(146): import()
#4 C:\xampp\htdocs\blog\framework\web\CBaseController.php(146): CWidgetFactory->createWidget()
#5 C:\xampp\htdocs\blog\framework\web\CBaseController.php(181): CommentController->createWidget()
#6 C:\xampp\htdocs\blog\protected\views\layouts\column2.php(10): CommentController->widget()
#7 C:\xampp\htdocs\blog\framework\web\CBaseController.php(126): require()
#8 C:\xampp\htdocs\blog\framework\web\CBaseController.php(95): CommentController->renderInternal()
#9 C:\xampp\htdocs\blog\framework\web\CController.php(787): CommentController->renderFile()
#10 C:\xampp\htdocs\blog\protected\controllers\CommentController.php(94): CommentController->render()
#11 C:\xampp\htdocs\blog\framework\web\actions\CInlineAction.php(49): CommentController->actionIndex()
#12 C:\xampp\htdocs\blog\framework\web\CController.php(308): CInlineAction->runWithParams()
#13 C:\xampp\htdocs\blog\framework\web\filters\CFilterChain.php(134): CommentController->runAction()
#14 C:\xampp\htdocs\blog\framework\web\filters\CFilter.php(40): CFilterChain->run()
#15 C:\xampp\htdocs\blog\framework\web\CController.php(1148): CAccessControlFilter->filter()
#16 C:\xampp\htdocs\blog\framework\web\filters\CInlineFilter.php(58): CommentController->filterAccessControl()
#17 C:\xampp\htdocs\blog\framework\web\filters\CFilterChain.php(131): CInlineFilter->filter()
#18 C:\xampp\htdocs\blog\framework\web\CController.php(291): CFilterChain->run()
#19 C:\xampp\htdocs\blog\framework\web\CController.php(265): CommentController->runActionWithFilters()
#20 C:\xampp\htdocs\blog\framework\web\CWebApplication.php(282): CommentController->run()
#21 C:\xampp\htdocs\blog\framework\web\CWebApplication.php(141): CWebApplication->runController()
#22 C:\xampp\htdocs\blog\framework\base\CApplication.php(185): CWebApplication->processRequest()
#23 C:\xampp\htdocs\blog\index.php(13): CWebApplication->run()
REQUEST_URI=/blog/index.php?r=comment
in C:\xampp\htdocs\blog\protected\views\layouts\column2.php (10)
in C:\xampp\htdocs\blog\protected\controllers\CommentController.php (94)
in C:\xampp\htdocs\blog\index.php (13)
2024/07/16 15:30:54 [error] [php] include(UserMenu.php): Failed to open stream: No such file or directory (C:\xampp\htdocs\blog\framework\YiiBase.php:463)
Stack trace:
#0 C:\xampp\htdocs\blog\framework\YiiBase.php(463): include()
#1 unknown(0): autoload()
#2 C:\xampp\htdocs\blog\framework\YiiBase.php(310): class_exists()
#3 C:\xampp\htdocs\blog\framework\web\CWidgetFactory.php(146): import()
#4 C:\xampp\htdocs\blog\framework\web\CBaseController.php(146): CWidgetFactory->createWidget()
#5 C:\xampp\htdocs\blog\framework\web\CBaseController.php(181): CommentController->createWidget()
#6 C:\xampp\htdocs\blog\protected\views\layouts\column2.php(10): CommentController->widget()
#7 C:\xampp\htdocs\blog\framework\web\CBaseController.php(126): require()
#8 C:\xampp\htdocs\blog\framework\web\CBaseController.php(95): CommentController->renderInternal()
#9 C:\xampp\htdocs\blog\framework\web\CController.php(787): CommentController->renderFile()
#10 C:\xampp\htdocs\blog\protected\controllers\CommentController.php(94): CommentController->render()
#11 C:\xampp\htdocs\blog\framework\web\actions\CInlineAction.php(49): CommentController->actionIndex()
#12 C:\xampp\htdocs\blog\framework\web\CController.php(308): CInlineAction->runWithParams()
#13 C:\xampp\htdocs\blog\framework\web\filters\CFilterChain.php(134): CommentController->runAction()
#14 C:\xampp\htdocs\blog\framework\web\filters\CFilter.php(40): CFilterChain->run()
#15 C:\xampp\htdocs\blog\framework\web\CController.php(1148): CAccessControlFilter->filter()
#16 C:\xampp\htdocs\blog\framework\web\filters\CInlineFilter.php(58): CommentController->filterAccessControl()
#17 C:\xampp\htdocs\blog\framework\web\filters\CFilterChain.php(131): CInlineFilter->filter()
#18 C:\xampp\htdocs\blog\framework\web\CController.php(291): CFilterChain->run()
#19 C:\xampp\htdocs\blog\framework\web\CController.php(265): CommentController->runActionWithFilters()
#20 C:\xampp\htdocs\blog\framework\web\CWebApplication.php(282): CommentController->run()
#21 C:\xampp\htdocs\blog\framework\web\CWebApplication.php(141): CWebApplication->runController()
#22 C:\xampp\htdocs\blog\framework\base\CApplication.php(185): CWebApplication->processRequest()
#23 C:\xampp\htdocs\blog\index.php(13): CWebApplication->run()
REQUEST_URI=/blog/index.php?r=comment
in C:\xampp\htdocs\blog\protected\views\layouts\column2.php (10)
in C:\xampp\htdocs\blog\protected\controllers\CommentController.php (94)
in C:\xampp\htdocs\blog\index.php (13)
2024/07/16 15:30:56 [error] [php] include(UserMenu.php): Failed to open stream: No such file or directory (C:\xampp\htdocs\blog\framework\YiiBase.php:463)
Stack trace:
#0 C:\xampp\htdocs\blog\framework\YiiBase.php(463): include()
#1 unknown(0): autoload()
#2 C:\xampp\htdocs\blog\framework\YiiBase.php(310): class_exists()
#3 C:\xampp\htdocs\blog\framework\web\CWidgetFactory.php(146): import()
#4 C:\xampp\htdocs\blog\framework\web\CBaseController.php(146): CWidgetFactory->createWidget()
#5 C:\xampp\htdocs\blog\framework\web\CBaseController.php(181): PostController->createWidget()
#6 C:\xampp\htdocs\blog\protected\views\layouts\column2.php(10): PostController->widget()
#7 C:\xampp\htdocs\blog\framework\web\CBaseController.php(126): require()
#8 C:\xampp\htdocs\blog\framework\web\CBaseController.php(95): PostController->renderInternal()
#9 C:\xampp\htdocs\blog\framework\web\CController.php(787): PostController->renderFile()
#10 C:\xampp\htdocs\blog\protected\controllers\PostController.php(133): PostController->render()
#11 C:\xampp\htdocs\blog\framework\web\actions\CInlineAction.php(49): PostController->actionIndex()
#12 C:\xampp\htdocs\blog\framework\web\CController.php(308): CInlineAction->runWithParams()
#13 C:\xampp\htdocs\blog\framework\web\filters\CFilterChain.php(134): PostController->runAction()
#14 C:\xampp\htdocs\blog\framework\web\filters\CFilter.php(40): CFilterChain->run()
#15 C:\xampp\htdocs\blog\framework\web\CController.php(1148): CAccessControlFilter->filter()
#16 C:\xampp\htdocs\blog\framework\web\filters\CInlineFilter.php(58): PostController->filterAccessControl()
#17 C:\xampp\htdocs\blog\framework\web\filters\CFilterChain.php(131): CInlineFilter->filter()
#18 C:\xampp\htdocs\blog\framework\web\CController.php(291): CFilterChain->run()
#19 C:\xampp\htdocs\blog\framework\web\CController.php(265): PostController->runActionWithFilters()
#20 C:\xampp\htdocs\blog\framework\web\CWebApplication.php(282): PostController->run()
#21 C:\xampp\htdocs\blog\framework\web\CWebApplication.php(141): CWebApplication->runController()
#22 C:\xampp\htdocs\blog\framework\base\CApplication.php(185): CWebApplication->processRequest()
#23 C:\xampp\htdocs\blog\index.php(13): CWebApplication->run()
REQUEST_URI=/blog/index.php?r=post/index
in C:\xampp\htdocs\blog\protected\views\layouts\column2.php (10)
in C:\xampp\htdocs\blog\protected\controllers\PostController.php (133)
in C:\xampp\htdocs\blog\index.php (13)
2024/07/16 15:30:57 [error] [php] include(UserMenu.php): Failed to open stream: No such file or directory (C:\xampp\htdocs\blog\framework\YiiBase.php:463)
Stack trace:
#0 C:\xampp\htdocs\blog\framework\YiiBase.php(463): include()
#1 unknown(0): autoload()
#2 C:\xampp\htdocs\blog\framework\YiiBase.php(310): class_exists()
#3 C:\xampp\htdocs\blog\framework\web\CWidgetFactory.php(146): import()
#4 C:\xampp\htdocs\blog\framework\web\CBaseController.php(146): CWidgetFactory->createWidget()
#5 C:\xampp\htdocs\blog\framework\web\CBaseController.php(181): PostController->createWidget()
#6 C:\xampp\htdocs\blog\protected\views\layouts\column2.php(10): PostController->widget()
#7 C:\xampp\htdocs\blog\framework\web\CBaseController.php(126): require()
#8 C:\xampp\htdocs\blog\framework\web\CBaseController.php(95): PostController->renderInternal()
#9 C:\xampp\htdocs\blog\framework\web\CController.php(787): PostController->renderFile()
#10 C:\xampp\htdocs\blog\protected\controllers\PostController.php(91): PostController->render()
#11 C:\xampp\htdocs\blog\framework\web\actions\CInlineAction.php(49): PostController->actionUpdate()
#12 C:\xampp\htdocs\blog\framework\web\CController.php(308): CInlineAction->runWithParams()
#13 C:\xampp\htdocs\blog\framework\web\filters\CFilterChain.php(134): PostController->runAction()
#14 C:\xampp\htdocs\blog\framework\web\filters\CFilter.php(40): CFilterChain->run()
#15 C:\xampp\htdocs\blog\framework\web\CController.php(1148): CAccessControlFilter->filter()
#16 C:\xampp\htdocs\blog\framework\web\filters\CInlineFilter.php(58): PostController->filterAccessControl()
#17 C:\xampp\htdocs\blog\framework\web\filters\CFilterChain.php(131): CInlineFilter->filter()
#18 C:\xampp\htdocs\blog\framework\web\CController.php(291): CFilterChain->run()
#19 C:\xampp\htdocs\blog\framework\web\CController.php(265): PostController->runActionWithFilters()
#20 C:\xampp\htdocs\blog\framework\web\CWebApplication.php(282): PostController->run()
#21 C:\xampp\htdocs\blog\framework\web\CWebApplication.php(141): CWebApplication->runController()
#22 C:\xampp\htdocs\blog\framework\base\CApplication.php(185): CWebApplication->processRequest()
#23 C:\xampp\htdocs\blog\index.php(13): CWebApplication->run()
REQUEST_URI=/blog/index.php?r=post/update&id=1
in C:\xampp\htdocs\blog\protected\views\layouts\column2.php (10)
in C:\xampp\htdocs\blog\protected\controllers\PostController.php (91)
in C:\xampp\htdocs\blog\index.php (13)
2024/07/16 15:30:58 [error] [php] include(UserMenu.php): Failed to open stream: No such file or directory (C:\xampp\htdocs\blog\framework\YiiBase.php:463)
Stack trace:
#0 C:\xampp\htdocs\blog\framework\YiiBase.php(463): include()
#1 unknown(0): autoload()
#2 C:\xampp\htdocs\blog\framework\YiiBase.php(310): class_exists()
#3 C:\xampp\htdocs\blog\framework\web\CWidgetFactory.php(146): import()
#4 C:\xampp\htdocs\blog\framework\web\CBaseController.php(146): CWidgetFactory->createWidget()
#5 C:\xampp\htdocs\blog\framework\web\CBaseController.php(181): PostController->createWidget()
#6 C:\xampp\htdocs\blog\protected\views\layouts\column2.php(10): PostController->widget()
#7 C:\xampp\htdocs\blog\framework\web\CBaseController.php(126): require()
#8 C:\xampp\htdocs\blog\framework\web\CBaseController.php(95): PostController->renderInternal()
#9 C:\xampp\htdocs\blog\framework\web\CController.php(787): PostController->renderFile()
#10 C:\xampp\htdocs\blog\protected\controllers\PostController.php(54): PostController->render()
#11 C:\xampp\htdocs\blog\framework\web\actions\CInlineAction.php(49): PostController->actionView()
#12 C:\xampp\htdocs\blog\framework\web\CController.php(308): CInlineAction->runWithParams()
#13 C:\xampp\htdocs\blog\framework\web\filters\CFilterChain.php(134): PostController->runAction()
#14 C:\xampp\htdocs\blog\framework\web\filters\CFilter.php(40): CFilterChain->run()
#15 C:\xampp\htdocs\blog\framework\web\CController.php(1148): CAccessControlFilter->filter()
#16 C:\xampp\htdocs\blog\framework\web\filters\CInlineFilter.php(58): PostController->filterAccessControl()
#17 C:\xampp\htdocs\blog\framework\web\filters\CFilterChain.php(131): CInlineFilter->filter()
#18 C:\xampp\htdocs\blog\framework\web\CController.php(291): CFilterChain->run()
#19 C:\xampp\htdocs\blog\framework\web\CController.php(265): PostController->runActionWithFilters()
#20 C:\xampp\htdocs\blog\framework\web\CWebApplication.php(282): PostController->run()
#21 C:\xampp\htdocs\blog\framework\web\CWebApplication.php(141): CWebApplication->runController()
#22 C:\xampp\htdocs\blog\framework\base\CApplication.php(185): CWebApplication->processRequest()
#23 C:\xampp\htdocs\blog\index.php(13): CWebApplication->run()
REQUEST_URI=/blog/index.php?r=post/view&id=1
in C:\xampp\htdocs\blog\protected\views\layouts\column2.php (10)
in C:\xampp\htdocs\blog\protected\controllers\PostController.php (54)
in C:\xampp\htdocs\blog\index.php (13)
2024/07/16 15:30:58 [error] [php] include(UserMenu.php): Failed to open stream: No such file or directory (C:\xampp\htdocs\blog\framework\YiiBase.php:463)
Stack trace:
#0 C:\xampp\htdocs\blog\framework\YiiBase.php(463): include()
#1 unknown(0): autoload()
#2 C:\xampp\htdocs\blog\framework\YiiBase.php(310): class_exists()
#3 C:\xampp\htdocs\blog\framework\web\CWidgetFactory.php(146): import()
#4 C:\xampp\htdocs\blog\framework\web\CBaseController.php(146): CWidgetFactory->createWidget()
#5 C:\xampp\htdocs\blog\framework\web\CBaseController.php(181): PostController->createWidget()
#6 C:\xampp\htdocs\blog\protected\views\layouts\column2.php(10): PostController->widget()
#7 C:\xampp\htdocs\blog\framework\web\CBaseController.php(126): require()
#8 C:\xampp\htdocs\blog\framework\web\CBaseController.php(95): PostController->renderInternal()
#9 C:\xampp\htdocs\blog\framework\web\CController.php(787): PostController->renderFile()
#10 C:\xampp\htdocs\blog\protected\controllers\PostController.php(91): PostController->render()
#11 C:\xampp\htdocs\blog\framework\web\actions\CInlineAction.php(49): PostController->actionUpdate()
#12 C:\xampp\htdocs\blog\framework\web\CController.php(308): CInlineAction->runWithParams()
#13 C:\xampp\htdocs\blog\framework\web\filters\CFilterChain.php(134): PostController->runAction()
#14 C:\xampp\htdocs\blog\framework\web\filters\CFilter.php(40): CFilterChain->run()
#15 C:\xampp\htdocs\blog\framework\web\CController.php(1148): CAccessControlFilter->filter()
#16 C:\xampp\htdocs\blog\framework\web\filters\CInlineFilter.php(58): PostController->filterAccessControl()
#17 C:\xampp\htdocs\blog\framework\web\filters\CFilterChain.php(131): CInlineFilter->filter()
#18 C:\xampp\htdocs\blog\framework\web\CController.php(291): CFilterChain->run()
#19 C:\xampp\htdocs\blog\framework\web\CController.php(265): PostController->runActionWithFilters()
#20 C:\xampp\htdocs\blog\framework\web\CWebApplication.php(282): PostController->run()
#21 C:\xampp\htdocs\blog\framework\web\CWebApplication.php(141): CWebApplication->runController()
#22 C:\xampp\htdocs\blog\framework\base\CApplication.php(185): CWebApplication->processRequest()
#23 C:\xampp\htdocs\blog\index.php(13): CWebApplication->run()
REQUEST_URI=/blog/index.php?r=post/update&id=1
in C:\xampp\htdocs\blog\protected\views\layouts\column2.php (10)
in C:\xampp\htdocs\blog\protected\controllers\PostController.php (91)
in C:\xampp\htdocs\blog\index.php (13)
2024/07/16 15:30:58 [error] [php] include(UserMenu.php): Failed to open stream: No such file or directory (C:\xampp\htdocs\blog\framework\YiiBase.php:463)
Stack trace:
#0 C:\xampp\htdocs\blog\framework\YiiBase.php(463): include()
#1 unknown(0): autoload()
#2 C:\xampp\htdocs\blog\framework\YiiBase.php(310): class_exists()
#3 C:\xampp\htdocs\blog\framework\web\CWidgetFactory.php(146): import()
#4 C:\xampp\htdocs\blog\framework\web\CBaseController.php(146): CWidgetFactory->createWidget()
#5 C:\xampp\htdocs\blog\framework\web\CBaseController.php(181): PostController->createWidget()
#6 C:\xampp\htdocs\blog\protected\views\layouts\column2.php(10): PostController->widget()
#7 C:\xampp\htdocs\blog\framework\web\CBaseController.php(126): require()
#8 C:\xampp\htdocs\blog\framework\web\CBaseController.php(95): PostController->renderInternal()
#9 C:\xampp\htdocs\blog\framework\web\CController.php(787): PostController->renderFile()
#10 C:\xampp\htdocs\blog\protected\controllers\PostController.php(146): PostController->render()
#11 C:\xampp\htdocs\blog\framework\web\actions\CInlineAction.php(49): PostController->actionAdmin()
#12 C:\xampp\htdocs\blog\framework\web\CController.php(308): CInlineAction->runWithParams()
#13 C:\xampp\htdocs\blog\framework\web\filters\CFilterChain.php(134): PostController->runAction()
#14 C:\xampp\htdocs\blog\framework\web\filters\CFilter.php(40): CFilterChain->run()
#15 C:\xampp\htdocs\blog\framework\web\CController.php(1148): CAccessControlFilter->filter()
#16 C:\xampp\htdocs\blog\framework\web\filters\CInlineFilter.php(58): PostController->filterAccessControl()
#17 C:\xampp\htdocs\blog\framework\web\filters\CFilterChain.php(131): CInlineFilter->filter()
#18 C:\xampp\htdocs\blog\framework\web\CController.php(291): CFilterChain->run()
#19 C:\xampp\htdocs\blog\framework\web\CController.php(265): PostController->runActionWithFilters()
#20 C:\xampp\htdocs\blog\framework\web\CWebApplication.php(282): PostController->run()
#21 C:\xampp\htdocs\blog\framework\web\CWebApplication.php(141): CWebApplication->runController()
#22 C:\xampp\htdocs\blog\framework\base\CApplication.php(185): CWebApplication->processRequest()
#23 C:\xampp\htdocs\blog\index.php(13): CWebApplication->run()
REQUEST_URI=/blog/index.php?r=post/admin
in C:\xampp\htdocs\blog\protected\views\layouts\column2.php (10)
in C:\xampp\htdocs\blog\protected\controllers\PostController.php (146)
in C:\xampp\htdocs\blog\index.php (13)
2024/07/16 15:30:58 [error] [php] include(UserMenu.php): Failed to open stream: No such file or directory (C:\xampp\htdocs\blog\framework\YiiBase.php:463)
Stack trace:
#0 C:\xampp\htdocs\blog\framework\YiiBase.php(463): include()
#1 unknown(0): autoload()
#2 C:\xampp\htdocs\blog\framework\YiiBase.php(310): class_exists()
#3 C:\xampp\htdocs\blog\framework\web\CWidgetFactory.php(146): import()
#4 C:\xampp\htdocs\blog\framework\web\CBaseController.php(146): CWidgetFactory->createWidget()
#5 C:\xampp\htdocs\blog\framework\web\CBaseController.php(181): PostController->createWidget()
#6 C:\xampp\htdocs\blog\protected\views\layouts\column2.php(10): PostController->widget()
#7 C:\xampp\htdocs\blog\framework\web\CBaseController.php(126): require()
#8 C:\xampp\htdocs\blog\framework\web\CBaseController.php(95): PostController->renderInternal()
#9 C:\xampp\htdocs\blog\framework\web\CController.php(787): PostController->renderFile()
#10 C:\xampp\htdocs\blog\protected\controllers\PostController.php(54): PostController->render()
#11 C:\xampp\htdocs\blog\framework\web\actions\CInlineAction.php(49): PostController->actionView()
#12 C:\xampp\htdocs\blog\framework\web\CController.php(308): CInlineAction->runWithParams()
#13 C:\xampp\htdocs\blog\framework\web\filters\CFilterChain.php(134): PostController->runAction()
#14 C:\xampp\htdocs\blog\framework\web\filters\CFilter.php(40): CFilterChain->run()
#15 C:\xampp\htdocs\blog\framework\web\CController.php(1148): CAccessControlFilter->filter()
#16 C:\xampp\htdocs\blog\framework\web\filters\CInlineFilter.php(58): PostController->filterAccessControl()
#17 C:\xampp\htdocs\blog\framework\web\filters\CFilterChain.php(131): CInlineFilter->filter()
#18 C:\xampp\htdocs\blog\framework\web\CController.php(291): CFilterChain->run()
#19 C:\xampp\htdocs\blog\framework\web\CController.php(265): PostController->runActionWithFilters()
#20 C:\xampp\htdocs\blog\framework\web\CWebApplication.php(282): PostController->run()
#21 C:\xampp\htdocs\blog\framework\web\CWebApplication.php(141): CWebApplication->runController()
#22 C:\xampp\htdocs\blog\framework\base\CApplication.php(185): CWebApplication->processRequest()
#23 C:\xampp\htdocs\blog\index.php(13): CWebApplication->run()
REQUEST_URI=/blog/index.php?r=post/view&id=2&title=A+Test+Post
in C:\xampp\htdocs\blog\protected\views\layouts\column2.php (10)
in C:\xampp\htdocs\blog\protected\controllers\PostController.php (54)
in C:\xampp\htdocs\blog\index.php (13)
